app/build/intermediates/manifest_merge_blame_file/debug/manifest-merger-blame-debug-report.txt
1<?xml version="1.0" encoding="utf-8"?>
2<manifest xmlns:android="http://schemas.android.com/apk/res/android"
3    package="com.application.nuntium"
4    android:versionCode="1"
5    android:versionName="1.0" >
6
7    <uses-sdk
8        android:minSdkVersion="26"
8-->src\main\AndroidManifest.xml
9        android:targetSdkVersion="31" />
9-->src\main\AndroidManifest.xml
10
11    <uses-permission android:name="android.permission.INTERNET" />
11-->src\main\AndroidManifest.xml:5:5-67
11-->src\main\AndroidManifest.xml:5:22-64
12    <uses-permission android:name="android.permission.ACCESS_NETWORK_STATE" />
12-->src\main\AndroidManifest.xml:6:5-79
12-->src\main\AndroidManifest.xml:6:22-76
13    <uses-permission android:name="android.permission.ACCESS_WIFI_STATE" />
13-->src\main\AndroidManifest.xml:7:5-76
13-->src\main\AndroidManifest.xml:7:22-73
14    <uses-permission android:name="android.permission.WAKE_LOCK" />
14-->[androidx.work:work-runtime:2.5.0] AndroidManifest.xml:25:5-68
14-->[androidx.work:work-runtime:2.5.0] AndroidManifest.xml:25:22-65
15    <uses-permission android:name="android.permission.RECEIVE_BOOT_COMPLETED" />
15-->[androidx.work:work-runtime:2.5.0] AndroidManifest.xml:27:5-81
15-->[androidx.work:work-runtime:2.5.0] AndroidManifest.xml:27:22-78
16    <uses-permission android:name="android.permission.FOREGROUND_SERVICE" />
16-->[androidx.work:work-runtime:2.5.0] AndroidManifest.xml:28:5-77
16-->[androidx.work:work-runtime:2.5.0] AndroidManifest.xml:28:22-74
17
18    <application
18-->src\main\AndroidManifest.xml:9:5-51:19
19        android:name="com.application.nuntium.app"
19-->src\main\AndroidManifest.xml:10:9-28
20        android:allowBackup="true"
20-->src\main\AndroidManifest.xml:11:9-35
21        android:appComponentFactory="androidx.core.app.CoreComponentFactory"
21-->[androidx.core:core:1.7.0] AndroidManifest.xml:24:18-86
22        android:debuggable="true"
23        android:extractNativeLibs="false"
24        android:icon="@drawable/nuntium_news"
24-->src\main\AndroidManifest.xml:12:9-46
25        android:label="@string/app_name"
25-->src\main\AndroidManifest.xml:13:9-41
26        android:logo="@drawable/nuntium_news"
26-->src\main\AndroidManifest.xml:14:9-46
27        android:roundIcon="@drawable/nuntium_news"
27-->src\main\AndroidManifest.xml:15:9-51
28        android:supportsRtl="true"
28-->src\main\AndroidManifest.xml:16:9-35
29        android:testOnly="true"
30        android:theme="@style/Theme.Nuntium" >
30-->src\main\AndroidManifest.xml:17:9-45
31        <activity
31-->src\main\AndroidManifest.xml:18:9-20:39
32            android:name="com.application.nuntium.WebActivity"
32-->src\main\AndroidManifest.xml:19:13-40
33            android:exported="true" />
33-->src\main\AndroidManifest.xml:20:13-36
34        <activity
34-->src\main\AndroidManifest.xml:21:9-23:39
35            android:name="com.application.nuntium.SearchActivity"
35-->src\main\AndroidManifest.xml:22:13-43
36            android:exported="true" />
36-->src\main\AndroidManifest.xml:23:13-36
37        <activity
37-->src\main\AndroidManifest.xml:24:9-26:39
38            android:name="com.application.nuntium.HomeActivity"
38-->src\main\AndroidManifest.xml:25:13-41
39            android:exported="true" />
39-->src\main\AndroidManifest.xml:26:13-36
40        <activity
40-->src\main\AndroidManifest.xml:27:9-29:39
41            android:name="com.application.nuntium.ChoicesActivity"
41-->src\main\AndroidManifest.xml:28:13-44
42            android:exported="true" />
42-->src\main\AndroidManifest.xml:29:13-36
43        <activity
43-->src\main\AndroidManifest.xml:30:9-32:39
44            android:name="com.application.nuntium.SignUpActivity"
44-->src\main\AndroidManifest.xml:31:13-43
45            android:exported="true" />
45-->src\main\AndroidManifest.xml:32:13-36
46        <activity
46-->src\main\AndroidManifest.xml:33:9-35:39
47            android:name="com.application.nuntium.loginActivity"
47-->src\main\AndroidManifest.xml:34:13-42
48            android:exported="true" />
48-->src\main\AndroidManifest.xml:35:13-36
49        <activity
49-->src\main\AndroidManifest.xml:36:9-38:39
50            android:name="com.application.nuntium.IntroActivity3"
50-->src\main\AndroidManifest.xml:37:13-43
51            android:exported="true" />
51-->src\main\AndroidManifest.xml:38:13-36
52        <activity
52-->src\main\AndroidManifest.xml:39:9-41:39
53            android:name="com.application.nuntium.IntroActivity2"
53-->src\main\AndroidManifest.xml:40:13-43
54            android:exported="true" />
54-->src\main\AndroidManifest.xml:41:13-36
55        <activity
55-->src\main\AndroidManifest.xml:42:9-50:20
56            android:name="com.application.nuntium.MainActivity"
56-->src\main\AndroidManifest.xml:43:13-41
57            android:exported="true" >
57-->src\main\AndroidManifest.xml:44:13-36
58            <intent-filter>
58-->src\main\AndroidManifest.xml:45:13-49:29
59                <action android:name="android.intent.action.MAIN" />
59-->src\main\AndroidManifest.xml:46:17-69
59-->src\main\AndroidManifest.xml:46:25-66
60
61                <category android:name="android.intent.category.LAUNCHER" />
61-->src\main\AndroidManifest.xml:48:17-77
61-->src\main\AndroidManifest.xml:48:27-74
62            </intent-filter>
63        </activity>
64
65        <service
65-->[com.google.firebase:firebase-auth-ktx:21.0.1] AndroidManifest.xml:8:9-14:19
66            android:name="com.google.firebase.components.ComponentDiscoveryService"
66-->[com.google.firebase:firebase-auth-ktx:21.0.1] AndroidManifest.xml:9:13-84
67            android:directBootAware="true"
67-->[com.google.firebase:firebase-common:20.0.0] AndroidManifest.xml:35:13-43
68            android:exported="false" >
68-->[com.google.firebase:firebase-auth-ktx:21.0.1] AndroidManifest.xml:10:13-37
69            <meta-data
69-->[com.google.firebase:firebase-auth-ktx:21.0.1] AndroidManifest.xml:11:13-13:85
70                android:name="com.google.firebase.components:com.google.firebase.auth.ktx.FirebaseAuthKtxRegistrar"
70-->[com.google.firebase:firebase-auth-ktx:21.0.1] AndroidManifest.xml:12:17-116
71                android:value="com.google.firebase.components.ComponentRegistrar" />
71-->[com.google.firebase:firebase-auth-ktx:21.0.1] AndroidManifest.xml:13:17-82
72            <meta-data
72-->[com.google.firebase:firebase-auth:21.0.1] AndroidManifest.xml:77:13-79:85
73                android:name="com.google.firebase.components:com.google.firebase.auth.FirebaseAuthRegistrar"
73-->[com.google.firebase:firebase-auth:21.0.1] AndroidManifest.xml:78:17-109
74                android:value="com.google.firebase.components.ComponentRegistrar" />
74-->[com.google.firebase:firebase-auth:21.0.1] AndroidManifest.xml:79:17-82
75            <meta-data
75-->[com.google.firebase:firebase-common-ktx:20.0.0] AndroidManifest.xml:15:13-17:85
76                android:name="com.google.firebase.components:com.google.firebase.ktx.FirebaseCommonKtxRegistrar"
76-->[com.google.firebase:firebase-common-ktx:20.0.0] AndroidManifest.xml:16:17-113
77                android:value="com.google.firebase.components.ComponentRegistrar" />
77-->[com.google.firebase:firebase-common-ktx:20.0.0] AndroidManifest.xml:17:17-82
78        </service>
79
80        <activity
80-->[com.google.firebase:firebase-auth:21.0.1] AndroidManifest.xml:27:9-44:20
81            android:name="com.google.firebase.auth.internal.GenericIdpActivity"
81-->[com.google.firebase:firebase-auth:21.0.1] AndroidManifest.xml:28:13-80
82            android:excludeFromRecents="true"
82-->[com.google.firebase:firebase-auth:21.0.1] AndroidManifest.xml:29:13-46
83            android:exported="true"
83-->[com.google.firebase:firebase-auth:21.0.1] AndroidManifest.xml:30:13-36
84            android:launchMode="singleTask"
84-->[com.google.firebase:firebase-auth:21.0.1] AndroidManifest.xml:31:13-44
85            android:theme="@android:style/Theme.Translucent.NoTitleBar" >
85-->[com.google.firebase:firebase-auth:21.0.1] AndroidManifest.xml:32:13-72
86            <intent-filter>
86-->[com.google.firebase:firebase-auth:21.0.1] AndroidManifest.xml:33:13-43:29
87                <action android:name="android.intent.action.VIEW" />
87-->[com.google.firebase:firebase-auth:21.0.1] AndroidManifest.xml:34:17-69
87-->[com.google.firebase:firebase-auth:21.0.1] AndroidManifest.xml:34:25-66
88
89                <category android:name="android.intent.category.DEFAULT" />
89-->[com.google.firebase:firebase-auth:21.0.1] AndroidManifest.xml:36:17-76
89-->[com.google.firebase:firebase-auth:21.0.1] AndroidManifest.xml:36:27-73
90                <category android:name="android.intent.category.BROWSABLE" />
90-->[com.google.firebase:firebase-auth:21.0.1] AndroidManifest.xml:37:17-78
90-->[com.google.firebase:firebase-auth:21.0.1] AndroidManifest.xml:37:27-75
91
92                <data
92-->[com.google.firebase:firebase-auth:21.0.1] AndroidManifest.xml:39:17-42:51
93                    android:host="firebase.auth"
93-->[com.google.firebase:firebase-auth:21.0.1] AndroidManifest.xml:40:21-49
94                    android:path="/"
94-->[com.google.firebase:firebase-auth:21.0.1] AndroidManifest.xml:41:21-37
95                    android:scheme="genericidp" />
95-->[com.google.firebase:firebase-auth:21.0.1] AndroidManifest.xml:42:21-48
96            </intent-filter>
97        </activity>
98        <activity
98-->[com.google.firebase:firebase-auth:21.0.1] AndroidManifest.xml:45:9-62:20
99            android:name="com.google.firebase.auth.internal.RecaptchaActivity"
99-->[com.google.firebase:firebase-auth:21.0.1] AndroidManifest.xml:46:13-79
100            android:excludeFromRecents="true"
100-->[com.google.firebase:firebase-auth:21.0.1] AndroidManifest.xml:47:13-46
101            android:exported="true"
101-->[com.google.firebase:firebase-auth:21.0.1] AndroidManifest.xml:48:13-36
102            android:launchMode="singleTask"
102-->[com.google.firebase:firebase-auth:21.0.1] AndroidManifest.xml:49:13-44
103            android:theme="@android:style/Theme.Translucent.NoTitleBar" >
103-->[com.google.firebase:firebase-auth:21.0.1] AndroidManifest.xml:50:13-72
104            <intent-filter>
104-->[com.google.firebase:firebase-auth:21.0.1] AndroidManifest.xml:51:13-61:29
105                <action android:name="android.intent.action.VIEW" />
105-->[com.google.firebase:firebase-auth:21.0.1] AndroidManifest.xml:34:17-69
105-->[com.google.firebase:firebase-auth:21.0.1] AndroidManifest.xml:34:25-66
106
107                <category android:name="android.intent.category.DEFAULT" />
107-->[com.google.firebase:firebase-auth:21.0.1] AndroidManifest.xml:36:17-76
107-->[com.google.firebase:firebase-auth:21.0.1] AndroidManifest.xml:36:27-73
108                <category android:name="android.intent.category.BROWSABLE" />
108-->[com.google.firebase:firebase-auth:21.0.1] AndroidManifest.xml:37:17-78
108-->[com.google.firebase:firebase-auth:21.0.1] AndroidManifest.xml:37:27-75
109
110                <data
110-->[com.google.firebase:firebase-auth:21.0.1] AndroidManifest.xml:39:17-42:51
111                    android:host="firebase.auth"
111-->[com.google.firebase:firebase-auth:21.0.1] AndroidManifest.xml:40:21-49
112                    android:path="/"
112-->[com.google.firebase:firebase-auth:21.0.1] AndroidManifest.xml:41:21-37
113                    android:scheme="recaptcha" />
113-->[com.google.firebase:firebase-auth:21.0.1] AndroidManifest.xml:42:21-48
114            </intent-filter>
115        </activity>
116
117        <service
117-->[com.google.firebase:firebase-auth:21.0.1] AndroidManifest.xml:64:9-73:19
118            android:name="com.google.firebase.auth.api.fallback.service.FirebaseAuthFallbackService"
118-->[com.google.firebase:firebase-auth:21.0.1] AndroidManifest.xml:65:13-101
119            android:enabled="true"
119-->[com.google.firebase:firebase-auth:21.0.1] AndroidManifest.xml:66:13-35
120            android:exported="false" >
120-->[com.google.firebase:firebase-auth:21.0.1] AndroidManifest.xml:67:13-37
121            <intent-filter>
121-->[com.google.firebase:firebase-auth:21.0.1] AndroidManifest.xml:68:13-72:29
122                <action android:name="com.google.firebase.auth.api.gms.service.START" />
122-->[com.google.firebase:firebase-auth:21.0.1] AndroidManifest.xml:69:17-89
122-->[com.google.firebase:firebase-auth:21.0.1] AndroidManifest.xml:69:25-86
123
124                <category android:name="android.intent.category.DEFAULT" />
124-->[com.google.firebase:firebase-auth:21.0.1] AndroidManifest.xml:36:17-76
124-->[com.google.firebase:firebase-auth:21.0.1] AndroidManifest.xml:36:27-73
125            </intent-filter>
126        </service>
127
128        <activity
128-->[com.google.android.gms:play-services-auth:19.2.0] AndroidManifest.xml:23:9-27:75
129            android:name="com.google.android.gms.auth.api.signin.internal.SignInHubActivity"
129-->[com.google.android.gms:play-services-auth:19.2.0] AndroidManifest.xml:24:13-93
130            android:excludeFromRecents="true"
130-->[com.google.android.gms:play-services-auth:19.2.0] AndroidManifest.xml:25:13-46
131            android:exported="false"
131-->[com.google.android.gms:play-services-auth:19.2.0] AndroidManifest.xml:26:13-37
132            android:theme="@android:style/Theme.Translucent.NoTitleBar" />
132-->[com.google.android.gms:play-services-auth:19.2.0] AndroidManifest.xml:27:13-72
133        <!--
134            Service handling Google Sign-In user revocation. For apps that do not integrate with
135            Google Sign-In, this service will never be started.
136        -->
137        <service
137-->[com.google.android.gms:play-services-auth:19.2.0] AndroidManifest.xml:33:9-37:51
138            android:name="com.google.android.gms.auth.api.signin.RevocationBoundService"
138-->[com.google.android.gms:play-services-auth:19.2.0] AndroidManifest.xml:34:13-89
139            android:exported="true"
139-->[com.google.android.gms:play-services-auth:19.2.0] AndroidManifest.xml:35:13-36
140            android:permission="com.google.android.gms.auth.api.signin.permission.REVOCATION_NOTIFICATION"
140-->[com.google.android.gms:play-services-auth:19.2.0] AndroidManifest.xml:36:13-107
141            android:visibleToInstantApps="true" />
141-->[com.google.android.gms:play-services-auth:19.2.0] AndroidManifest.xml:37:13-48
142
143        <provider
143-->[com.squareup.picasso:picasso:2.71828] AndroidManifest.xml:8:9-11:40
144            android:name="com.squareup.picasso.PicassoProvider"
144-->[com.squareup.picasso:picasso:2.71828] AndroidManifest.xml:9:13-64
145            android:authorities="com.application.nuntium.com.squareup.picasso"
145-->[com.squareup.picasso:picasso:2.71828] AndroidManifest.xml:10:13-72
146            android:exported="false" />
146-->[com.squareup.picasso:picasso:2.71828] AndroidManifest.xml:11:13-37
147        <provider
147-->[androidx.work:work-runtime:2.5.0] AndroidManifest.xml:31:9-37:35
148            android:name="androidx.work.impl.WorkManagerInitializer"
148-->[androidx.work:work-runtime:2.5.0] AndroidManifest.xml:32:13-69
149            android:authorities="com.application.nuntium.workmanager-init"
149-->[androidx.work:work-runtime:2.5.0] AndroidManifest.xml:33:13-68
150            android:directBootAware="false"
150-->[androidx.work:work-runtime:2.5.0] AndroidManifest.xml:34:13-44
151            android:exported="false"
151-->[androidx.work:work-runtime:2.5.0] AndroidManifest.xml:35:13-37
152            android:multiprocess="true" />
152-->[androidx.work:work-runtime:2.5.0] AndroidManifest.xml:36:13-40
153
154        <service
154-->[androidx.work:work-runtime:2.5.0] AndroidManifest.xml:39:9-44:35
155            android:name="androidx.work.impl.background.systemalarm.SystemAlarmService"
155-->[androidx.work:work-runtime:2.5.0] AndroidManifest.xml:40:13-88
156            android:directBootAware="false"
156-->[androidx.work:work-runtime:2.5.0] AndroidManifest.xml:41:13-44
157            android:enabled="@bool/enable_system_alarm_service_default"
157-->[androidx.work:work-runtime:2.5.0] AndroidManifest.xml:42:13-72
158            android:exported="false" />
158-->[androidx.work:work-runtime:2.5.0] AndroidManifest.xml:43:13-37
159        <service
159-->[androidx.work:work-runtime:2.5.0] AndroidManifest.xml:45:9-51:35
160            android:name="androidx.work.impl.background.systemjob.SystemJobService"
160-->[androidx.work:work-runtime:2.5.0] AndroidManifest.xml:46:13-84
161            android:directBootAware="false"
161-->[androidx.work:work-runtime:2.5.0] AndroidManifest.xml:47:13-44
162            android:enabled="@bool/enable_system_job_service_default"
162-->[androidx.work:work-runtime:2.5.0] AndroidManifest.xml:48:13-70
163            android:exported="true"
163-->[androidx.work:work-runtime:2.5.0] AndroidManifest.xml:49:13-36
164            android:permission="android.permission.BIND_JOB_SERVICE" />
164-->[androidx.work:work-runtime:2.5.0] AndroidManifest.xml:50:13-69
165        <service
165-->[androidx.work:work-runtime:2.5.0] AndroidManifest.xml:52:9-57:35
166            android:name="androidx.work.impl.foreground.SystemForegroundService"
166-->[androidx.work:work-runtime:2.5.0] AndroidManifest.xml:53:13-81
167            android:directBootAware="false"
167-->[androidx.work:work-runtime:2.5.0] AndroidManifest.xml:54:13-44
168            android:enabled="@bool/enable_system_foreground_service_default"
168-->[androidx.work:work-runtime:2.5.0] AndroidManifest.xml:55:13-77
169            android:exported="false" />
169-->[androidx.work:work-runtime:2.5.0] AndroidManifest.xml:56:13-37
170
171        <receiver
171-->[androidx.work:work-runtime:2.5.0] AndroidManifest.xml:59:9-64:35
172            android:name="androidx.work.impl.utils.ForceStopRunnable$BroadcastReceiver"
172-->[androidx.work:work-runtime:2.5.0] AndroidManifest.xml:60:13-88
173            android:directBootAware="false"
173-->[androidx.work:work-runtime:2.5.0] AndroidManifest.xml:61:13-44
174            android:enabled="true"
174-->[androidx.work:work-runtime:2.5.0] AndroidManifest.xml:62:13-35
175            android:exported="false" />
175-->[androidx.work:work-runtime:2.5.0] AndroidManifest.xml:63:13-37
176        <receiver
176-->[androidx.work:work-runtime:2.5.0] AndroidManifest.xml:65:9-75:20
177            android:name="androidx.work.impl.background.systemalarm.ConstraintProxy$BatteryChargingProxy"
177-->[androidx.work:work-runtime:2.5.0] AndroidManifest.xml:66:13-106
178            android:directBootAware="false"
178-->[androidx.work:work-runtime:2.5.0] AndroidManifest.xml:67:13-44
179            android:enabled="false"
179-->[androidx.work:work-runtime:2.5.0] AndroidManifest.xml:68:13-36
180            android:exported="false" >
180-->[androidx.work:work-runtime:2.5.0] AndroidManifest.xml:69:13-37
181            <intent-filter>
181-->[androidx.work:work-runtime:2.5.0] AndroidManifest.xml:71:13-74:29
182                <action android:name="android.intent.action.ACTION_POWER_CONNECTED" />
182-->[androidx.work:work-runtime:2.5.0] AndroidManifest.xml:72:17-87
182-->[androidx.work:work-runtime:2.5.0] AndroidManifest.xml:72:25-84
183                <action android:name="android.intent.action.ACTION_POWER_DISCONNECTED" />
183-->[androidx.work:work-runtime:2.5.0] AndroidManifest.xml:73:17-90
183-->[androidx.work:work-runtime:2.5.0] AndroidManifest.xml:73:25-87
184            </intent-filter>
185        </receiver>
186        <receiver
186-->[androidx.work:work-runtime:2.5.0] AndroidManifest.xml:76:9-86:20
187            android:name="androidx.work.impl.background.systemalarm.ConstraintProxy$BatteryNotLowProxy"
187-->[androidx.work:work-runtime:2.5.0] AndroidManifest.xml:77:13-104
188            android:directBootAware="false"
188-->[androidx.work:work-runtime:2.5.0] AndroidManifest.xml:78:13-44
189            android:enabled="false"
189-->[androidx.work:work-runtime:2.5.0] AndroidManifest.xml:79:13-36
190            android:exported="false" >
190-->[androidx.work:work-runtime:2.5.0] AndroidManifest.xml:80:13-37
191            <intent-filter>
191-->[androidx.work:work-runtime:2.5.0] AndroidManifest.xml:82:13-85:29
192                <action android:name="android.intent.action.BATTERY_OKAY" />
192-->[androidx.work:work-runtime:2.5.0] AndroidManifest.xml:83:17-77
192-->[androidx.work:work-runtime:2.5.0] AndroidManifest.xml:83:25-74
193                <action android:name="android.intent.action.BATTERY_LOW" />
193-->[androidx.work:work-runtime:2.5.0] AndroidManifest.xml:84:17-76
193-->[androidx.work:work-runtime:2.5.0] AndroidManifest.xml:84:25-73
194            </intent-filter>
195        </receiver>
196        <receiver
196-->[androidx.work:work-runtime:2.5.0] AndroidManifest.xml:87:9-97:20
197            android:name="androidx.work.impl.background.systemalarm.ConstraintProxy$StorageNotLowProxy"
197-->[androidx.work:work-runtime:2.5.0] AndroidManifest.xml:88:13-104
198            android:directBootAware="false"
198-->[androidx.work:work-runtime:2.5.0] AndroidManifest.xml:89:13-44
199            android:enabled="false"
199-->[androidx.work:work-runtime:2.5.0] AndroidManifest.xml:90:13-36
200            android:exported="false" >
200-->[androidx.work:work-runtime:2.5.0] AndroidManifest.xml:91:13-37
201            <intent-filter>
201-->[androidx.work:work-runtime:2.5.0] AndroidManifest.xml:93:13-96:29
202                <action android:name="android.intent.action.DEVICE_STORAGE_LOW" />
202-->[androidx.work:work-runtime:2.5.0] AndroidManifest.xml:94:17-83
202-->[androidx.work:work-runtime:2.5.0] AndroidManifest.xml:94:25-80
203                <action android:name="android.intent.action.DEVICE_STORAGE_OK" />
203-->[androidx.work:work-runtime:2.5.0] AndroidManifest.xml:95:17-82
203-->[androidx.work:work-runtime:2.5.0] AndroidManifest.xml:95:25-79
204            </intent-filter>
205        </receiver>
206        <receiver
206-->[androidx.work:work-runtime:2.5.0] AndroidManifest.xml:98:9-107:20
207            android:name="androidx.work.impl.background.systemalarm.ConstraintProxy$NetworkStateProxy"
207-->[androidx.work:work-runtime:2.5.0] AndroidManifest.xml:99:13-103
208            android:directBootAware="false"
208-->[androidx.work:work-runtime:2.5.0] AndroidManifest.xml:100:13-44
209            android:enabled="false"
209-->[androidx.work:work-runtime:2.5.0] AndroidManifest.xml:101:13-36
210            android:exported="false" >
210-->[androidx.work:work-runtime:2.5.0] AndroidManifest.xml:102:13-37
211            <intent-filter>
211-->[androidx.work:work-runtime:2.5.0] AndroidManifest.xml:104:13-106:29
212                <action android:name="android.net.conn.CONNECTIVITY_CHANGE" />
212-->[androidx.work:work-runtime:2.5.0] AndroidManifest.xml:105:17-79
212-->[androidx.work:work-runtime:2.5.0] AndroidManifest.xml:105:25-76
213            </intent-filter>
214        </receiver>
215        <receiver
215-->[androidx.work:work-runtime:2.5.0] AndroidManifest.xml:108:9-119:20
216            android:name="androidx.work.impl.background.systemalarm.RescheduleReceiver"
216-->[androidx.work:work-runtime:2.5.0] AndroidManifest.xml:109:13-88
217            android:directBootAware="false"
217-->[androidx.work:work-runtime:2.5.0] AndroidManifest.xml:110:13-44
218            android:enabled="false"
218-->[androidx.work:work-runtime:2.5.0] AndroidManifest.xml:111:13-36
219            android:exported="false" >
219-->[androidx.work:work-runtime:2.5.0] AndroidManifest.xml:112:13-37
220            <intent-filter>
220-->[androidx.work:work-runtime:2.5.0] AndroidManifest.xml:114:13-118:29
221                <action android:name="android.intent.action.BOOT_COMPLETED" />
221-->[androidx.work:work-runtime:2.5.0] AndroidManifest.xml:115:17-79
221-->[androidx.work:work-runtime:2.5.0] AndroidManifest.xml:115:25-76
222                <action android:name="android.intent.action.TIME_SET" />
222-->[androidx.work:work-runtime:2.5.0] AndroidManifest.xml:116:17-73
222-->[androidx.work:work-runtime:2.5.0] AndroidManifest.xml:116:25-70
223                <action android:name="android.intent.action.TIMEZONE_CHANGED" />
223-->[androidx.work:work-runtime:2.5.0] AndroidManifest.xml:117:17-81
223-->[androidx.work:work-runtime:2.5.0] AndroidManifest.xml:117:25-78
224            </intent-filter>
225        </receiver>
226        <receiver
226-->[androidx.work:work-runtime:2.5.0] AndroidManifest.xml:120:9-129:20
227            android:name="androidx.work.impl.background.systemalarm.ConstraintProxyUpdateReceiver"
227-->[androidx.work:work-runtime:2.5.0] AndroidManifest.xml:121:13-99
228            android:directBootAware="false"
228-->[androidx.work:work-runtime:2.5.0] AndroidManifest.xml:122:13-44
229            android:enabled="@bool/enable_system_alarm_service_default"
229-->[androidx.work:work-runtime:2.5.0] AndroidManifest.xml:123:13-72
230            android:exported="false" >
230-->[androidx.work:work-runtime:2.5.0] AndroidManifest.xml:124:13-37
231            <intent-filter>
231-->[androidx.work:work-runtime:2.5.0] AndroidManifest.xml:126:13-128:29
232                <action android:name="androidx.work.impl.background.systemalarm.UpdateProxies" />
232-->[androidx.work:work-runtime:2.5.0] AndroidManifest.xml:127:17-98
232-->[androidx.work:work-runtime:2.5.0] AndroidManifest.xml:127:25-95
233            </intent-filter>
234        </receiver>
235        <receiver
235-->[androidx.work:work-runtime:2.5.0] AndroidManifest.xml:130:9-140:20
236            android:name="androidx.work.impl.diagnostics.DiagnosticsReceiver"
236-->[androidx.work:work-runtime:2.5.0] AndroidManifest.xml:131:13-78
237            android:directBootAware="false"
237-->[androidx.work:work-runtime:2.5.0] AndroidManifest.xml:132:13-44
238            android:enabled="true"
238-->[androidx.work:work-runtime:2.5.0] AndroidManifest.xml:133:13-35
239            android:exported="true"
239-->[androidx.work:work-runtime:2.5.0] AndroidManifest.xml:134:13-36
240            android:permission="android.permission.DUMP" >
240-->[androidx.work:work-runtime:2.5.0] AndroidManifest.xml:135:13-57
241            <intent-filter>
241-->[androidx.work:work-runtime:2.5.0] AndroidManifest.xml:137:13-139:29
242                <action android:name="androidx.work.diagnostics.REQUEST_DIAGNOSTICS" />
242-->[androidx.work:work-runtime:2.5.0] AndroidManifest.xml:138:17-88
242-->[androidx.work:work-runtime:2.5.0] AndroidManifest.xml:138:25-85
243            </intent-filter>
244        </receiver>
245
246        <service
246-->[androidx.room:room-runtime:2.3.0] AndroidManifest.xml:25:9-28:40
247            android:name="androidx.room.MultiInstanceInvalidationService"
247-->[androidx.room:room-runtime:2.3.0] AndroidManifest.xml:26:13-74
248            android:directBootAware="true"
248-->[androidx.room:room-runtime:2.3.0] AndroidManifest.xml:27:13-43
249            android:exported="false" />
249-->[androidx.room:room-runtime:2.3.0] AndroidManifest.xml:28:13-37
250
251        <activity
251-->[com.google.android.gms:play-services-base:17.5.0] AndroidManifest.xml:23:9-26:75
252            android:name="com.google.android.gms.common.api.GoogleApiActivity"
252-->[com.google.android.gms:play-services-base:17.5.0] AndroidManifest.xml:24:13-79
253            android:exported="false"
253-->[com.google.android.gms:play-services-base:17.5.0] AndroidManifest.xml:25:13-37
254            android:theme="@android:style/Theme.Translucent.NoTitleBar" />
254-->[com.google.android.gms:play-services-base:17.5.0] AndroidManifest.xml:26:13-72
255
256        <provider
256-->[com.google.firebase:firebase-common:20.0.0] AndroidManifest.xml:26:9-31:39
257            android:name="com.google.firebase.provider.FirebaseInitProvider"
257-->[com.google.firebase:firebase-common:20.0.0] AndroidManifest.xml:27:13-77
258            android:authorities="com.application.nuntium.firebaseinitprovider"
258-->[com.google.firebase:firebase-common:20.0.0] AndroidManifest.xml:28:13-72
259            android:directBootAware="true"
259-->[com.google.firebase:firebase-common:20.0.0] AndroidManifest.xml:29:13-43
260            android:exported="false"
260-->[com.google.firebase:firebase-common:20.0.0] AndroidManifest.xml:30:13-37
261            android:initOrder="100" />
261-->[com.google.firebase:firebase-common:20.0.0] AndroidManifest.xml:31:13-36
262
263        <meta-data
263-->[com.google.android.gms:play-services-basement:17.5.0] AndroidManifest.xml:23:9-25:69
264            android:name="com.google.android.gms.version"
264-->[com.google.android.gms:play-services-basement:17.5.0] AndroidManifest.xml:24:13-58
265            android:value="@integer/google_play_services_version" />
265-->[com.google.android.gms:play-services-basement:17.5.0] AndroidManifest.xml:25:13-66
266
267        <provider
267-->[androidx.emoji2:emoji2:1.0.0] AndroidManifest.xml:26:9-34:20
268            android:name="androidx.startup.InitializationProvider"
268-->[androidx.emoji2:emoji2:1.0.0] AndroidManifest.xml:27:13-67
269            android:authorities="com.application.nuntium.androidx-startup"
269-->[androidx.emoji2:emoji2:1.0.0] AndroidManifest.xml:28:13-68
270            android:exported="false" >
270-->[androidx.emoji2:emoji2:1.0.0] AndroidManifest.xml:29:13-37
271            <meta-data
271-->[androidx.emoji2:emoji2:1.0.0] AndroidManifest.xml:31:13-33:52
272                android:name="androidx.emoji2.text.EmojiCompatInitializer"
272-->[androidx.emoji2:emoji2:1.0.0] AndroidManifest.xml:32:17-75
273                android:value="androidx.startup" />
273-->[androidx.emoji2:emoji2:1.0.0] AndroidManifest.xml:33:17-49
274            <meta-data
274-->[androidx.lifecycle:lifecycle-process:2.4.0] AndroidManifest.xml:31:13-33:52
275                android:name="androidx.lifecycle.ProcessLifecycleInitializer"
275-->[androidx.lifecycle:lifecycle-process:2.4.0] AndroidManifest.xml:32:17-78
276                android:value="androidx.startup" />
276-->[androidx.lifecycle:lifecycle-process:2.4.0] AndroidManifest.xml:33:17-49
277        </provider>